{
  "0 debug pnpm:scope": {
    "selected": 7,
    "total": 7,
    "workspacePrefix": "C:\\Users\\nicka\\Desktop\\GitHub\\svelte-daisyui"
  },
  "1 debug pnpm:package-manifest": {
    "initial": {
      "name": "svelte-daisyui",
      "version": "1.0.0",
      "description": "Svelte UI Component Library based on daisyUI",
      "private": true,
      "scripts": {
        "build": "turbo run build",
        "dev": "turbo run dev --parallel"
      },
      "repository": {
        "type": "git",
        "url": "git+https://github.com/5exyGuy/svelte-daisyui.git"
      },
      "keywords": [
        "svelte"
      ],
      "author": "Aurėjus Remeika (5exyGuy)",
      "license": "MIT",
      "bugs": {
        "url": "https://github.com/5exyGuy/svelte-daisyui/issues"
      },
      "homepage": "https://github.com/5exyGuy/svelte-daisyui#readme",
      "devDependencies": {
        "eslint": "^8.19.0",
        "prettier": "^2.7.1",
        "turbo": "^1.3.1"
      }
    },
    "prefix": "C:\\Users\\nicka\\Desktop\\GitHub\\svelte-daisyui"
  },
  "2 debug pnpm:package-manifest": {
    "initial": {
      "name": "@svelte-daisyui/rollup",
      "version": "1.0.0",
      "private": true,
      "scripts": {
        "build": "rollup -c",
        "dev": "rollup -c -w",
        "start": "sirv public --no-clear"
      },
      "devDependencies": {
        "@rollup/plugin-commonjs": "^22.0.1",
        "@rollup/plugin-node-resolve": "^13.3.0",
        "@svelte-daisyui/plugin": "workspace:^1.0.0",
        "autoprefixer": "^10.4.7",
        "postcss": "^8.4.14",
        "postcss-load-config": "^4.0.1",
        "rollup": "^2.75.7",
        "rollup-plugin-css-only": "^3.1.0",
        "rollup-plugin-livereload": "^2.0.5",
        "rollup-plugin-svelte": "^7.1.0",
        "rollup-plugin-terser": "^7.0.2",
        "svelte": "^3.48.0",
        "svelte-preprocess": "^4.10.7",
        "tailwindcss": "^3.1.4"
      },
      "dependencies": {
        "sirv-cli": "^2.0.2"
      }
    },
    "prefix": "C:\\Users\\nicka\\Desktop\\GitHub\\svelte-daisyui\\examples\\rollup"
  },
  "3 debug pnpm:package-manifest": {
    "initial": {
      "name": "@svelte-daisyui/sveltekit",
      "private": true,
      "version": "0.0.1",
      "scripts": {
        "dev": "vite dev",
        "build": "vite build",
        "package": "svelte-kit package",
        "preview": "vite preview"
      },
      "devDependencies": {
        "@svelte-daisyui/plugin": "workspace:^1.0.0",
        "@sveltejs/adapter-auto": "next",
        "@sveltejs/kit": "next",
        "autoprefixer": "^10.4.7",
        "postcss": "^8.4.14",
        "postcss-load-config": "^4.0.1",
        "svelte": "^3.48.0",
        "svelte-preprocess": "^4.10.7",
        "tailwindcss": "^3.1.4",
        "vite": "^2.9.13"
      },
      "type": "module"
    },
    "prefix": "C:\\Users\\nicka\\Desktop\\GitHub\\svelte-daisyui\\examples\\sveltekit"
  },
  "4 debug pnpm:package-manifest": {
    "initial": {
      "name": "@svelte-daisyui/vite",
      "private": true,
      "version": "1.0.0",
      "scripts": {
        "dev": "vite",
        "build": "vite build",
        "preview": "vite preview"
      },
      "dependencies": {
        "@svelte-daisyui/components": "workspace:^1.0.0",
        "@svelte-daisyui/plugin": "workspace:^1.0.0",
        "svelte": "^3.48.0",
        "svelte-icons": "^2.1.0"
      },
      "devDependencies": {
        "@sveltejs/vite-plugin-svelte": "^1.0.0-next.49",
        "@types/tailwindcss": "^3.0.11",
        "autoprefixer": "^10.4.7",
        "postcss": "^8.4.14",
        "svelte-preprocess": "^4.10.7",
        "tailwindcss": "^3.1.4",
        "vite": "^2.9.13"
      }
    },
    "prefix": "C:\\Users\\nicka\\Desktop\\GitHub\\svelte-daisyui\\examples\\vite"
  },
  "5 debug pnpm:package-manifest": {
    "initial": {
      "name": "@svelte-daisyui/preprocessor",
      "version": "1.0.0",
      "main": "./dist/index.cjs.js",
      "module": "./dist/index.es.js",
      "types": "./dist/index.d.ts",
      "license": "MIT",
      "scripts": {
        "build": "rollup -c && pnpm run types",
        "dev": "rollup -c -w",
        "types": "dts-bundle-generator -o dist/index.d.ts src/index.ts"
      },
      "dependencies": {
        "joi": "^17.6.0"
      },
      "devDependencies": {
        "@rollup/plugin-commonjs": "^22.0.1",
        "@rollup/plugin-node-resolve": "^13.3.0",
        "@rollup/plugin-typescript": "^8.3.3",
        "@types/node": "^18.0.3",
        "dts-bundle-generator": "^6.12.0",
        "rollup": "^2.75.7",
        "rollup-plugin-node-externals": "^4.1.1",
        "rollup-plugin-terser": "^7.0.2",
        "svelte": "^3.48.0",
        "tailwindcss": "^3.1.4",
        "tslib": "^2.4.0",
        "type-fest": "^2.16.0",
        "typescript": "^4.7.4"
      }
    },
    "prefix": "C:\\Users\\nicka\\Desktop\\GitHub\\svelte-daisyui\\packages\\preprocessor"
  },
  "6 debug pnpm:package-manifest": {
    "initial": {
      "name": "@svelte-daisyui/shared",
      "version": "1.0.0",
      "main": "./dist/index.cjs.js",
      "module": "./dist/index.es.js",
      "types": "./dist/index.d.ts",
      "license": "MIT",
      "scripts": {
        "build": "rollup -c && pnpm run types",
        "dev": "rollup -c -w",
        "types": "dts-bundle-generator -o dist/index.d.ts src/index.ts"
      },
      "dependencies": {
        "joi": "^17.6.0"
      },
      "devDependencies": {
        "@rollup/plugin-commonjs": "^22.0.1",
        "@rollup/plugin-node-resolve": "^13.3.0",
        "@rollup/plugin-typescript": "^8.3.3",
        "@types/node": "^18.0.3",
        "dts-bundle-generator": "^6.12.0",
        "rollup": "^2.75.7",
        "rollup-plugin-node-externals": "^4.1.1",
        "rollup-plugin-terser": "^7.0.2",
        "svelte": "^3.48.0",
        "tslib": "^2.4.0",
        "type-fest": "^2.16.0",
        "typescript": "^4.7.4"
      }
    },
    "prefix": "C:\\Users\\nicka\\Desktop\\GitHub\\svelte-daisyui\\packages\\shared"
  },
  "7 debug pnpm:package-manifest": {
    "initial": {
      "name": "@svelte-daisyui/core",
      "version": "1.0.0",
      "scripts": {
        "dev": "vite dev",
        "build": "svelte-kit sync && svelte-package",
        "prepublishOnly": "echo 'Did you mean to publish `./package/`, instead of `./`?' && exit 1",
        "check": "svelte-kit sync && svelte-check --tsconfig ./tsconfig.json",
        "check:watch": "svelte-kit sync && svelte-check --tsconfig ./tsconfig.json --watch",
        "lint": "prettier --plugin-search-dir . --check . && eslint .",
        "format": "prettier --plugin-search-dir . --write ."
      },
      "devDependencies": {
        "@sveltejs/adapter-auto": "next",
        "@sveltejs/kit": "next",
        "@sveltejs/package": "next",
        "@typescript-eslint/eslint-plugin": "^5.27.0",
        "@typescript-eslint/parser": "^5.27.0",
        "eslint": "^8.16.0",
        "eslint-config-prettier": "^8.3.0",
        "eslint-plugin-svelte3": "^4.0.0",
        "prettier": "^2.6.2",
        "prettier-plugin-svelte": "^2.7.0",
        "svelte": "^3.44.0",
        "svelte-check": "^2.7.1",
        "svelte-preprocess": "^4.10.6",
        "tslib": "^2.3.1",
        "typescript": "^4.7.4",
        "vite": "^3.1.0"
      },
      "type": "module"
    },
    "prefix": "C:\\Users\\nicka\\Desktop\\GitHub\\svelte-daisyui\\packages\\core"
  },
  "8 debug pnpm:context": {
    "currentLockfileExists": false,
    "storeDir": "C:\\Users\\nicka\\AppData\\Local\\pnpm\\store\\v3",
    "virtualStoreDir": "C:\\Users\\nicka\\Desktop\\GitHub\\svelte-daisyui\\node_modules\\.pnpm"
  },
  "9 debug pnpm:stage": {
    "prefix": "C:\\Users\\nicka\\Desktop\\GitHub\\svelte-daisyui",
    "stage": "resolution_started"
  },
  "10 debug pnpm:_dependency_resolved": {
    "resolution": "registry.npmjs.org/eslint/8.19.0",
    "wanted": {
      "dependentId": ".",
      "name": "eslint",
      "rawSpec": "^8.19.0"
    }
  },
  "11 debug pnpm:_dependency_resolved": {
    "resolution": "registry.npmjs.org/prettier/2.7.1",
    "wanted": {
      "dependentId": ".",
      "name": "prettier",
      "rawSpec": "^2.7.1"
    }
  },
  "12 debug pnpm:_dependency_resolved": {
    "resolution": "registry.npmjs.org/turbo/1.3.1",
    "wanted": {
      "dependentId": ".",
      "name": "turbo",
      "rawSpec": "^1.3.1"
    }
  },
  "13 debug pnpm:_dependency_resolved": {
    "resolution": "registry.npmjs.org/@rollup/plugin-commonjs/22.0.1",
    "wanted": {
      "dependentId": "examples/rollup",
      "name": "@rollup/plugin-commonjs",
      "rawSpec": "^22.0.1"
    }
  },
  "14 debug pnpm:_dependency_resolved": {
    "resolution": "registry.npmjs.org/@rollup/plugin-node-resolve/13.3.0",
    "wanted": {
      "dependentId": "examples/rollup",
      "name": "@rollup/plugin-node-resolve",
      "rawSpec": "^13.3.0"
    }
  },
  "15 debug pnpm:_dependency_resolved": {
    "resolution": "registry.npmjs.org/autoprefixer/10.4.7",
    "wanted": {
      "dependentId": "examples/rollup",
      "name": "autoprefixer",
      "rawSpec": "^10.4.7"
    }
  },
  "16 debug pnpm:_dependency_resolved": {
    "resolution": "registry.npmjs.org/postcss/8.4.14",
    "wanted": {
      "dependentId": "examples/rollup",
      "name": "postcss",
      "rawSpec": "^8.4.14"
    }
  },
  "17 debug pnpm:_dependency_resolved": {
    "resolution": "registry.npmjs.org/postcss-load-config/4.0.1",
    "wanted": {
      "dependentId": "examples/rollup",
      "name": "postcss-load-config",
      "rawSpec": "^4.0.1"
    }
  },
  "18 debug pnpm:_dependency_resolved": {
    "resolution": "registry.npmjs.org/rollup/2.75.7",
    "wanted": {
      "dependentId": "examples/rollup",
      "name": "rollup",
      "rawSpec": "^2.75.7"
    }
  },
  "19 debug pnpm:_dependency_resolved": {
    "resolution": "registry.npmjs.org/rollup-plugin-css-only/3.1.0",
    "wanted": {
      "dependentId": "examples/rollup",
      "name": "rollup-plugin-css-only",
      "rawSpec": "^3.1.0"
    }
  },
  "20 debug pnpm:_dependency_resolved": {
    "resolution": "registry.npmjs.org/rollup-plugin-livereload/2.0.5",
    "wanted": {
      "dependentId": "examples/rollup",
      "name": "rollup-plugin-livereload",
      "rawSpec": "^2.0.5"
    }
  },
  "21 debug pnpm:_dependency_resolved": {
    "resolution": "registry.npmjs.org/rollup-plugin-svelte/7.1.0",
    "wanted": {
      "dependentId": "examples/rollup",
      "name": "rollup-plugin-svelte",
      "rawSpec": "^7.1.0"
    }
  },
  "22 debug pnpm:_dependency_resolved": {
    "resolution": "registry.npmjs.org/rollup-plugin-terser/7.0.2",
    "wanted": {
      "dependentId": "examples/rollup",
      "name": "rollup-plugin-terser",
      "rawSpec": "^7.0.2"
    }
  },
  "23 debug pnpm:_dependency_resolved": {
    "resolution": "registry.npmjs.org/svelte/3.48.0",
    "wanted": {
      "dependentId": "examples/rollup",
      "name": "svelte",
      "rawSpec": "^3.48.0"
    }
  },
  "24 debug pnpm:_dependency_resolved": {
    "resolution": "registry.npmjs.org/svelte-preprocess/4.10.7",
    "wanted": {
      "dependentId": "examples/rollup",
      "name": "svelte-preprocess",
      "rawSpec": "^4.10.7"
    }
  },
  "25 debug pnpm:_dependency_resolved": {
    "resolution": "registry.npmjs.org/tailwindcss/3.1.4",
    "wanted": {
      "dependentId": "examples/rollup",
      "name": "tailwindcss",
      "rawSpec": "^3.1.4"
    }
  },
  "26 debug pnpm:_dependency_resolved": {
    "resolution": "registry.npmjs.org/sirv-cli/2.0.2",
    "wanted": {
      "dependentId": "examples/rollup",
      "name": "sirv-cli",
      "rawSpec": "^2.0.2"
    }
  },
  "27 debug pnpm:_dependency_resolved": {
    "resolution": "registry.npmjs.org/autoprefixer/10.4.7",
    "wanted": {
      "dependentId": "examples/sveltekit",
      "name": "autoprefixer",
      "rawSpec": "^10.4.7"
    }
  },
  "28 debug pnpm:_dependency_resolved": {
    "resolution": "registry.npmjs.org/postcss/8.4.14",
    "wanted": {
      "dependentId": "examples/sveltekit",
      "name": "postcss",
      "rawSpec": "^8.4.14"
    }
  },
  "29 debug pnpm:_dependency_resolved": {
    "resolution": "registry.npmjs.org/postcss-load-config/4.0.1",
    "wanted": {
      "dependentId": "examples/sveltekit",
      "name": "postcss-load-config",
      "rawSpec": "^4.0.1"
    }
  },
  "30 debug pnpm:_dependency_resolved": {
    "resolution": "registry.npmjs.org/svelte/3.48.0",
    "wanted": {
      "dependentId": "examples/sveltekit",
      "name": "svelte",
      "rawSpec": "^3.48.0"
    }
  },
  "31 debug pnpm:_dependency_resolved": {
    "resolution": "registry.npmjs.org/svelte-preprocess/4.10.7",
    "wanted": {
      "dependentId": "examples/sveltekit",
      "name": "svelte-preprocess",
      "rawSpec": "^4.10.7"
    }
  },
  "32 debug pnpm:_dependency_resolved": {
    "resolution": "registry.npmjs.org/tailwindcss/3.1.4",
    "wanted": {
      "dependentId": "examples/sveltekit",
      "name": "tailwindcss",
      "rawSpec": "^3.1.4"
    }
  },
  "33 debug pnpm:_dependency_resolved": {
    "resolution": "registry.npmjs.org/vite/2.9.13",
    "wanted": {
      "dependentId": "examples/sveltekit",
      "name": "vite",
      "rawSpec": "^2.9.13"
    }
  },
  "34 debug pnpm:_dependency_resolved": {
    "resolution": "registry.npmjs.org/@sveltejs/vite-plugin-svelte/1.0.0-next.49",
    "wanted": {
      "dependentId": "examples/vite",
      "name": "@sveltejs/vite-plugin-svelte",
      "rawSpec": "^1.0.0-next.49"
    }
  },
  "35 debug pnpm:_dependency_resolved": {
    "resolution": "registry.npmjs.org/@types/tailwindcss/3.1.0",
    "wanted": {
      "dependentId": "examples/vite",
      "name": "@types/tailwindcss",
      "rawSpec": "^3.0.11"
    }
  },
  "36 debug pnpm:_dependency_resolved": {
    "resolution": "registry.npmjs.org/autoprefixer/10.4.7",
    "wanted": {
      "dependentId": "examples/vite",
      "name": "autoprefixer",
      "rawSpec": "^10.4.7"
    }
  },
  "37 debug pnpm:_dependency_resolved": {
    "resolution": "registry.npmjs.org/postcss/8.4.14",
    "wanted": {
      "dependentId": "examples/vite",
      "name": "postcss",
      "rawSpec": "^8.4.14"
    }
  },
  "38 debug pnpm:_dependency_resolved": {
    "resolution": "registry.npmjs.org/svelte-preprocess/4.10.7",
    "wanted": {
      "dependentId": "examples/vite",
      "name": "svelte-preprocess",
      "rawSpec": "^4.10.7"
    }
  },
  "39 debug pnpm:_dependency_resolved": {
    "resolution": "registry.npmjs.org/tailwindcss/3.1.4",
    "wanted": {
      "dependentId": "examples/vite",
      "name": "tailwindcss",
      "rawSpec": "^3.1.4"
    }
  },
  "40 debug pnpm:_dependency_resolved": {
    "resolution": "registry.npmjs.org/vite/2.9.13",
    "wanted": {
      "dependentId": "examples/vite",
      "name": "vite",
      "rawSpec": "^2.9.13"
    }
  },
  "41 debug pnpm:_dependency_resolved": {
    "resolution": "registry.npmjs.org/svelte/3.48.0",
    "wanted": {
      "dependentId": "examples/vite",
      "name": "svelte",
      "rawSpec": "^3.48.0"
    }
  },
  "42 debug pnpm:_dependency_resolved": {
    "resolution": "registry.npmjs.org/svelte-icons/2.1.0",
    "wanted": {
      "dependentId": "examples/vite",
      "name": "svelte-icons",
      "rawSpec": "^2.1.0"
    }
  },
  "43 debug pnpm:_dependency_resolved": {
    "resolution": "registry.npmjs.org/@rollup/plugin-commonjs/22.0.1",
    "wanted": {
      "dependentId": "packages/shared",
      "name": "@rollup/plugin-commonjs",
      "rawSpec": "^22.0.1"
    }
  },
  "44 debug pnpm:_dependency_resolved": {
    "resolution": "registry.npmjs.org/@rollup/plugin-node-resolve/13.3.0",
    "wanted": {
      "dependentId": "packages/shared",
      "name": "@rollup/plugin-node-resolve",
      "rawSpec": "^13.3.0"
    }
  },
  "45 debug pnpm:_dependency_resolved": {
    "resolution": "registry.npmjs.org/@rollup/plugin-typescript/8.3.3",
    "wanted": {
      "dependentId": "packages/shared",
      "name": "@rollup/plugin-typescript",
      "rawSpec": "^8.3.3"
    }
  },
  "46 debug pnpm:_dependency_resolved": {
    "resolution": "registry.npmjs.org/@types/node/18.0.3",
    "wanted": {
      "dependentId": "packages/shared",
      "name": "@types/node",
      "rawSpec": "^18.0.3"
    }
  },
  "47 debug pnpm:_dependency_resolved": {
    "resolution": "registry.npmjs.org/dts-bundle-generator/6.12.0",
    "wanted": {
      "dependentId": "packages/shared",
      "name": "dts-bundle-generator",
      "rawSpec": "^6.12.0"
    }
  },
  "48 debug pnpm:_dependency_resolved": {
    "resolution": "registry.npmjs.org/rollup/2.75.7",
    "wanted": {
      "dependentId": "packages/shared",
      "name": "rollup",
      "rawSpec": "^2.75.7"
    }
  },
  "49 debug pnpm:_dependency_resolved": {
    "resolution": "registry.npmjs.org/rollup-plugin-node-externals/4.1.1",
    "wanted": {
      "dependentId": "packages/shared",
      "name": "rollup-plugin-node-externals",
      "rawSpec": "^4.1.1"
    }
  },
  "50 debug pnpm:_dependency_resolved": {
    "resolution": "registry.npmjs.org/rollup-plugin-terser/7.0.2",
    "wanted": {
      "dependentId": "packages/shared",
      "name": "rollup-plugin-terser",
      "rawSpec": "^7.0.2"
    }
  },
  "51 debug pnpm:_dependency_resolved": {
    "resolution": "registry.npmjs.org/svelte/3.48.0",
    "wanted": {
      "dependentId": "packages/shared",
      "name": "svelte",
      "rawSpec": "^3.48.0"
    }
  },
  "52 debug pnpm:_dependency_resolved": {
    "resolution": "registry.npmjs.org/tslib/2.4.0",
    "wanted": {
      "dependentId": "packages/shared",
      "name": "tslib",
      "rawSpec": "^2.4.0"
    }
  },
  "53 debug pnpm:_dependency_resolved": {
    "resolution": "registry.npmjs.org/type-fest/2.16.0",
    "wanted": {
      "dependentId": "packages/shared",
      "name": "type-fest",
      "rawSpec": "^2.16.0"
    }
  },
  "54 debug pnpm:_dependency_resolved": {
    "resolution": "registry.npmjs.org/typescript/4.7.4",
    "wanted": {
      "dependentId": "packages/shared",
      "name": "typescript",
      "rawSpec": "^4.7.4"
    }
  },
  "55 debug pnpm:_dependency_resolved": {
    "resolution": "registry.npmjs.org/joi/17.6.0",
    "wanted": {
      "dependentId": "packages/shared",
      "name": "joi",
      "rawSpec": "^17.6.0"
    }
  },
  "56 error pnpm": {
    "code": "ERR_PNPM_NO_MATCHING_VERSION_INSIDE_WORKSPACE",
    "pkgsStack": [],
    "err": {
      "name": "pnpm",
      "message": "In examples\\rollup: No matching version found for @svelte-daisyui/plugin@^1.0.0 inside the workspace",
      "code": "ERR_PNPM_NO_MATCHING_VERSION_INSIDE_WORKSPACE",
      "stack": "pnpm: In examples\\rollup: No matching version found for @svelte-daisyui/plugin@^1.0.0 inside the workspace\n    at tryResolveFromWorkspace (C:\\Users\\nicka\\AppData\\Roaming\\npm\\node_modules\\pnpm\\dist\\pnpm.cjs:84694:15)\n    at resolveNpm (C:\\Users\\nicka\\AppData\\Roaming\\npm\\node_modules\\pnpm\\dist\\pnpm.cjs:84586:39)\n    at Object.resolve (C:\\Users\\nicka\\AppData\\Roaming\\npm\\node_modules\\pnpm\\dist\\pnpm.cjs:84816:34)\n    at ctx.requestsQueue.add.priority (C:\\Users\\nicka\\AppData\\Roaming\\npm\\node_modules\\pnpm\\dist\\pnpm.cjs:91513:75)\n    at run (C:\\Users\\nicka\\AppData\\Roaming\\npm\\node_modules\\pnpm\\dist\\pnpm.cjs:91274:90)\n    at PQueue._tryToStartAnother (C:\\Users\\nicka\\AppData\\Roaming\\npm\\node_modules\\pnpm\\dist\\pnpm.cjs:91228:13)\n    at C:\\Users\\nicka\\AppData\\Roaming\\npm\\node_modules\\pnpm\\dist\\pnpm.cjs:91287:16\n    at new Promise (<anonymous>)\n    at PQueue.add (C:\\Users\\nicka\\AppData\\Roaming\\npm\\node_modules\\pnpm\\dist\\pnpm.cjs:91269:16)\n    at resolveAndFetch (C:\\Users\\nicka\\AppData\\Roaming\\npm\\node_modules\\pnpm\\dist\\pnpm.cjs:91513:55)"
    }
  }
}